This is pdfTeX, Version 3.14159265-2.6-1.40.17 (TeX Live 2016) (preloaded format=pdflatex 2016.8.31)  29 MAY 2017 09:45
entering extended mode
 restricted \write18 enabled.
 %&-line parsing enabled.
**What_we_already_have.tex
(./What_we_already_have.tex
LaTeX2e <2016/03/31> patch level 3
Babel <3.9r> and hyphenation patterns for 83 language(s) loaded.
(/Users/lauraherold/App/texmf-dist/tex/latex/base/article.cls
Document Class: article 2014/09/29 v1.4h Standard LaTeX document class
(/Users/lauraherold/App/texmf-dist/tex/latex/base/size10.clo
File: size10.clo 2014/09/29 v1.4h Standard LaTeX file (size option)
)
\c@part=\count79
\c@section=\count80
\c@subsection=\count81
\c@subsubsection=\count82
\c@paragraph=\count83
\c@subparagraph=\count84
\c@figure=\count85
\c@table=\count86
\abovecaptionskip=\skip41
\belowcaptionskip=\skip42
\bibindent=\dimen102
)
(/Users/lauraherold/App/texmf-dist/tex/latex/amsmath/amsmath.sty
Package: amsmath 2016/06/28 v2.15d AMS math features
\@mathmargin=\skip43

For additional information on amsmath, use the `?' option.
(/Users/lauraherold/App/texmf-dist/tex/latex/amsmath/amstext.sty
Package: amstext 2000/06/29 v2.01 AMS text

(/Users/lauraherold/App/texmf-dist/tex/latex/amsmath/amsgen.sty
File: amsgen.sty 1999/11/30 v2.0 generic functions
\@emptytoks=\toks14
\ex@=\dimen103
))
(/Users/lauraherold/App/texmf-dist/tex/latex/amsmath/amsbsy.sty
Package: amsbsy 1999/11/29 v1.2d Bold Symbols
\pmbraise@=\dimen104
)
(/Users/lauraherold/App/texmf-dist/tex/latex/amsmath/amsopn.sty
Package: amsopn 2016/03/08 v2.02 operator names
)
\inf@bad=\count87
LaTeX Info: Redefining \frac on input line 199.
\uproot@=\count88
\leftroot@=\count89
LaTeX Info: Redefining \overline on input line 297.
\classnum@=\count90
\DOTSCASE@=\count91
LaTeX Info: Redefining \ldots on input line 394.
LaTeX Info: Redefining \dots on input line 397.
LaTeX Info: Redefining \cdots on input line 518.
\Mathstrutbox@=\box26
\strutbox@=\box27
\big@size=\dimen105
LaTeX Font Info:    Redeclaring font encoding OML on input line 634.
LaTeX Font Info:    Redeclaring font encoding OMS on input line 635.
\macc@depth=\count92
\c@MaxMatrixCols=\count93
\dotsspace@=\muskip10
\c@parentequation=\count94
\dspbrk@lvl=\count95
\tag@help=\toks15
\row@=\count96
\column@=\count97
\maxfields@=\count98
\andhelp@=\toks16
\eqnshift@=\dimen106
\alignsep@=\dimen107
\tagshift@=\dimen108
\tagwidth@=\dimen109
\totwidth@=\dimen110
\lineht@=\dimen111
\@envbody=\toks17
\multlinegap=\skip44
\multlinetaggap=\skip45
\mathdisplay@stack=\toks18
LaTeX Info: Redefining \[ on input line 2739.
LaTeX Info: Redefining \] on input line 2740.
)
(/Users/lauraherold/App/texmf-dist/tex/generic/babel/babel.sty
Package: babel 2016/04/23 3.9r The Babel package

(/Users/lauraherold/App/texmf-dist/tex/generic/babel-english/english.ldf
Language: english 2012/08/20 v3.3p English support from the babel system

(/Users/lauraherold/App/texmf-dist/tex/generic/babel/babel.def
File: babel.def 2016/04/23 3.9r Babel common definitions
\babel@savecnt=\count99
\U@D=\dimen112
)
\l@canadian = a dialect from \language\l@american 
\l@australian = a dialect from \language\l@british 
\l@newzealand = a dialect from \language\l@british 
))
(/Users/lauraherold/App/texmf-dist/tex/latex/microtype/microtype.sty
Package: microtype 2016/05/14 v2.6a Micro-typographical refinements (RS)

(/Users/lauraherold/App/texmf-dist/tex/latex/graphics/keyval.sty
Package: keyval 2014/10/28 v1.15 key=value parser (DPC)
\KV@toks@=\toks19
)
\MT@toks=\toks20
\MT@count=\count100
LaTeX Info: Redefining \textls on input line 774.
\MT@outer@kern=\dimen113
LaTeX Info: Redefining \textmicrotypecontext on input line 1310.
\MT@listname@count=\count101

(/Users/lauraherold/App/texmf-dist/tex/latex/microtype/microtype-pdftex.def
File: microtype-pdftex.def 2016/05/14 v2.6a Definitions specific to pdftex (RS)

LaTeX Info: Redefining \lsstyle on input line 916.
LaTeX Info: Redefining \lslig on input line 916.
\MT@outer@space=\skip46
)
Package microtype Info: Loading configuration file microtype.cfg.

(/Users/lauraherold/App/texmf-dist/tex/latex/microtype/microtype.cfg
File: microtype.cfg 2016/05/14 v2.6a microtype main configuration file (RS)
))
(/Users/lauraherold/App/texmf-dist/tex/latex/wrapfig/wrapfig.sty
\wrapoverhang=\dimen114
\WF@size=\dimen115
\c@WF@wrappedlines=\count102
\WF@box=\box28
\WF@everypar=\toks21
Package: wrapfig 2003/01/31  v 3.6
)
(/Users/lauraherold/App/texmf-dist/tex/latex/url/url.sty
\Urlmuskip=\muskip11
Package: url 2013/09/16  ver 3.4  Verb mode for urls, etc.
)
(/Users/lauraherold/App/texmf-dist/tex/latex/jknapltx/mathrsfs.sty
Package: mathrsfs 1996/01/01 Math RSFS package v1.0 (jk)
\symrsfs=\mathgroup4
)
(/Users/lauraherold/App/texmf-dist/tex/latex/textpos/textpos.sty
Package: textpos 2016/06/07 v1.8

Package: textpos 2016/06/07 1.8, absolute positioning of text on the page
(/Users/lauraherold/App/texmf-dist/tex/latex/ms/everyshi.sty
Package: everyshi 2001/05/15 v3.00 EveryShipout Package (MS)
)
\TP@textbox=\box29
\TP@holdbox=\box30
\TPHorizModule=\dimen116
\TPVertModule=\dimen117
\TP@margin=\dimen118
\TP@absmargin=\dimen119

Grid set 16 x 16 = 37.34424pt x 52.81541pt
\TPboxrulesize=\dimen120
\TP@ox=\dimen121
\TP@oy=\dimen122
\TP@tbargs=\toks22
\TP@prevdepth=\dimen123
TextBlockOrigin set to 0pt x 0pt
) (/Users/lauraherold/App/texmf-dist/tex/latex/graphics/graphicx.sty
Package: graphicx 2014/10/28 v1.0g Enhanced LaTeX Graphics (DPC,SPQR)

(/Users/lauraherold/App/texmf-dist/tex/latex/graphics/graphics.sty
Package: graphics 2016/07/10 v1.0t Standard LaTeX Graphics (DPC,SPQR)

(/Users/lauraherold/App/texmf-dist/tex/latex/graphics/trig.sty
Package: trig 2016/01/03 v1.10 sin cos tan (DPC)
)
(/Users/lauraherold/App/texmf-dist/tex/latex/graphics-cfg/graphics.cfg
File: graphics.cfg 2016/06/04 v1.11 sample graphics configuration
)
Package graphics Info: Driver file: pdftex.def on input line 99.

(/Users/lauraherold/App/texmf-dist/tex/latex/graphics-def/pdftex.def
File: pdftex.def 2016/07/10 v0.06j Graphics/color for pdfTeX

(/Users/lauraherold/App/texmf-dist/tex/generic/oberdiek/infwarerr.sty
Package: infwarerr 2016/05/16 v1.4 Providing info/warning/error messages (HO)
)
(/Users/lauraherold/App/texmf-dist/tex/generic/oberdiek/ltxcmds.sty
Package: ltxcmds 2016/05/16 v1.23 LaTeX kernel commands for general use (HO)
)
\Gread@gobject=\count103
))
\Gin@req@height=\dimen124
\Gin@req@width=\dimen125
)
(/Users/lauraherold/App/texmf-dist/tex/latex/geometry/geometry.sty
Package: geometry 2010/09/12 v5.6 Page Geometry

(/Users/lauraherold/App/texmf-dist/tex/generic/oberdiek/ifpdf.sty
Package: ifpdf 2016/05/14 v3.1 Provides the ifpdf switch
)
(/Users/lauraherold/App/texmf-dist/tex/generic/oberdiek/ifvtex.sty
Package: ifvtex 2016/05/16 v1.6 Detect VTeX and its facilities (HO)
Package ifvtex Info: VTeX not detected.
)
(/Users/lauraherold/App/texmf-dist/tex/generic/ifxetex/ifxetex.sty
Package: ifxetex 2010/09/12 v0.6 Provides ifxetex conditional
)
\Gm@cnth=\count104
\Gm@cntv=\count105
\c@Gm@tempcnt=\count106
\Gm@bindingoffset=\dimen126
\Gm@wd@mp=\dimen127
\Gm@odd@mp=\dimen128
\Gm@even@mp=\dimen129
\Gm@layoutwidth=\dimen130
\Gm@layoutheight=\dimen131
\Gm@layouthoffset=\dimen132
\Gm@layoutvoffset=\dimen133
\Gm@dimlist=\toks23
)
(/Users/lauraherold/App/texmf-dist/tex/latex/caption/subcaption.sty
Package: subcaption 2016/05/22 v1.1-161 Sub-captions (AR)

(/Users/lauraherold/App/texmf-dist/tex/latex/caption/caption.sty
Package: caption 2016/02/21 v3.3-144 Customizing captions (AR)

(/Users/lauraherold/App/texmf-dist/tex/latex/caption/caption3.sty
Package: caption3 2016/05/22 v1.7-166 caption3 kernel (AR)
Package caption3 Info: TeX engine: e-TeX on input line 67.
\captionmargin=\dimen134
\captionmargin@=\dimen135
\captionwidth=\dimen136
\caption@tempdima=\dimen137
\caption@indent=\dimen138
\caption@parindent=\dimen139
\caption@hangindent=\dimen140
)
\c@ContinuedFloat=\count107
Package caption Info: wrapfig package is loaded.
)
\c@subfigure=\count108
\c@subtable=\count109
)
(./What_we_already_have.aux

LaTeX Warning: Label `TotalData_Sum' multiply defined.

)
\openout1 = `What_we_already_have.aux'.

LaTeX Font Info:    Checking defaults for OML/cmm/m/it on input line 17.
LaTeX Font Info:    ... okay on input line 17.
LaTeX Font Info:    Checking defaults for T1/cmr/m/n on input line 17.
LaTeX Font Info:    ... okay on input line 17.
LaTeX Font Info:    Checking defaults for OT1/cmr/m/n on input line 17.
LaTeX Font Info:    ... okay on input line 17.
LaTeX Font Info:    Checking defaults for OMS/cmsy/m/n on input line 17.
LaTeX Font Info:    ... okay on input line 17.
LaTeX Font Info:    Checking defaults for OMX/cmex/m/n on input line 17.
LaTeX Font Info:    ... okay on input line 17.
LaTeX Font Info:    Checking defaults for U/cmr/m/n on input line 17.
LaTeX Font Info:    ... okay on input line 17.
LaTeX Info: Redefining \microtypecontext on input line 17.
Package microtype Info: Generating PDF output.
Package microtype Info: Character protrusion enabled (level 2).
Package microtype Info: Using default protrusion set `alltext'.
Package microtype Info: Automatic font expansion enabled (level 2),
(microtype)             stretch: 20, shrink: 20, step: 1, non-selected.
Package microtype Info: Using default expansion set `basictext'.
Package microtype Info: No adjustment of tracking.
Package microtype Info: No adjustment of interword spacing.
Package microtype Info: No adjustment of character kerning.
Package microtype Info: Redefining babel's language switching commands.
 (/Users/lauraherold/App/texmf-dist/tex/latex/microtype/mt-cmr.cfg
File: mt-cmr.cfg 2013/05/19 v2.2 microtype config. file: Computer Modern Roman 
(RS)
)
ABD: EveryShipout initializing macros
(/Users/lauraherold/App/texmf-dist/tex/context/base/mkii/supp-pdf.mkii
[Loading MPS to PDF converter (version 2006.09.02).]
\scratchcounter=\count110
\scratchdimen=\dimen141
\scratchbox=\box31
\nofMPsegments=\count111
\nofMParguments=\count112
\everyMPshowfont=\toks24
\MPscratchCnt=\count113
\MPscratchDim=\dimen142
\MPnumerator=\count114
\makeMPintoPDFobject=\count115
\everyMPtoPDFconversion=\toks25
) (/Users/lauraherold/App/texmf-dist/tex/generic/oberdiek/pdftexcmds.sty
Package: pdftexcmds 2016/05/21 v0.22 Utility functions of pdfTeX for LuaTeX (HO
)

(/Users/lauraherold/App/texmf-dist/tex/generic/oberdiek/ifluatex.sty
Package: ifluatex 2016/05/16 v1.4 Provides the ifluatex switch (HO)
Package ifluatex Info: LuaTeX not detected.
)
Package pdftexcmds Info: LuaTeX not detected.
Package pdftexcmds Info: \pdf@primitive is available.
Package pdftexcmds Info: \pdf@ifprimitive is available.
Package pdftexcmds Info: \pdfdraftmode found.
)
(/Users/lauraherold/App/texmf-dist/tex/latex/oberdiek/epstopdf-base.sty
Package: epstopdf-base 2016/05/15 v2.6 Base part for package epstopdf

(/Users/lauraherold/App/texmf-dist/tex/latex/oberdiek/grfext.sty
Package: grfext 2016/05/16 v1.2 Manage graphics extensions (HO)

(/Users/lauraherold/App/texmf-dist/tex/generic/oberdiek/kvdefinekeys.sty
Package: kvdefinekeys 2016/05/16 v1.4 Define keys (HO)
))
(/Users/lauraherold/App/texmf-dist/tex/latex/oberdiek/kvoptions.sty
Package: kvoptions 2016/05/16 v3.12 Key value format for package options (HO)

(/Users/lauraherold/App/texmf-dist/tex/generic/oberdiek/kvsetkeys.sty
Package: kvsetkeys 2016/05/16 v1.17 Key value parser (HO)

(/Users/lauraherold/App/texmf-dist/tex/generic/oberdiek/etexcmds.sty
Package: etexcmds 2016/05/16 v1.6 Avoid name clashes with e-TeX commands (HO)
Package etexcmds Info: Could not find \expanded.
(etexcmds)             That can mean that you are not using pdfTeX 1.50 or
(etexcmds)             that some package has redefined \expanded.
(etexcmds)             In the latter case, load this package earlier.
)))
Package epstopdf-base Info: Redefining graphics rule for `.eps' on input line 4
38.
Package grfext Info: Graphics extension search list:
(grfext)             [.png,.pdf,.jpg,.mps,.jpeg,.jbig2,.jb2,.PNG,.PDF,.JPG,.JPE
G,.JBIG2,.JB2,.eps]
(grfext)             \AppendGraphicsExtensions on input line 456.

(/Users/lauraherold/App/texmf-dist/tex/latex/latexconfig/epstopdf-sys.cfg
File: epstopdf-sys.cfg 2010/07/13 v1.3 Configuration of (r)epstopdf for TeX Liv
e
))
*geometry* driver: auto-detecting
*geometry* detected driver: pdftex
*geometry* verbose mode - [ preamble ] result:
* driver: pdftex
* paper: a4paper
* layout: <same size as paper>
* layoutoffset:(h,v)=(0.0pt,0.0pt)
* modes: 
* h-part:(L,W,R)=(113.81102pt, 398.3386pt, 85.35826pt)
* v-part:(T,H,B)=(28.45274pt, 759.6886pt, 56.9055pt)
* \paperwidth=597.50787pt
* \paperheight=845.04684pt
* \textwidth=398.3386pt
* \textheight=759.6886pt
* \oddsidemargin=41.54103pt
* \evensidemargin=41.54103pt
* \topmargin=-80.81725pt
* \headheight=12.0pt
* \headsep=25.0pt
* \topskip=10.0pt
* \footskip=30.0pt
* \marginparwidth=57.0pt
* \marginparsep=11.0pt
* \columnsep=10.0pt
* \skip\footins=9.0pt plus 4.0pt minus 2.0pt
* \hoffset=0.0pt
* \voffset=0.0pt
* \mag=1000
* \@twocolumnfalse
* \@twosidefalse
* \@mparswitchfalse
* \@reversemarginfalse
* (1in=72.27pt=25.4mm, 1cm=28.453pt)

Package caption Info: Begin \AtBeginDocument code.
Package caption Info: End \AtBeginDocument code.
LaTeX Font Info:    Try loading font information for U+rsfs on input line 19.
(/Users/lauraherold/App/texmf-dist/tex/latex/jknapltx/ursfs.fd
File: ursfs.fd 1998/03/24 rsfs font definition file (jk)
)

LaTeX Warning: No \author given.

<gnomview_1.pdf, id=1, 419.166pt x 462.52798pt>
File: gnomview_1.pdf Graphic file (type pdf)
 <use gnomview_1.pdf>
Package pdftex.def Info: gnomview_1.pdf used on input line 24.
(pdftex.def)             Requested size: 199.1693pt x 219.77364pt.

Underfull \hbox (badness 10000) in paragraph at lines 34--36

 []


LaTeX Warning: Citation `Longair' on page 1 undefined on input line 46.


Underfull \hbox (badness 10000) in paragraph at lines 46--52

 []

[1

{/Users/lauraherold/App/texmf-var/fonts/map/pdftex/updmap/pdftex.map} <./gnomvi
ew_1.pdf>]
Underfull \hbox (badness 10000) in paragraph at lines 64--66

 []


LaTeX Warning: Citation `Ackermann1' on page 2 undefined on input line 70.


Underfull \hbox (badness 10000) in paragraph at lines 68--73

 []


Underfull \hbox (badness 10000) in paragraph at lines 81--84

 []

[2] <Res_SED_b=(-2,2)_l=(-10,-4).pdf, id=65, 578.16pt x 433.62pt>
File: Res_SED_b=(-2,2)_l=(-10,-4).pdf Graphic file (type pdf)

<use Res_SED_b=(-2,2)_l=(-10,-4).pdf>
Package pdftex.def Info: Res_SED_b=(-2,2)_l=(-10,-4).pdf used on input line 94.

(pdftex.def)             Requested size: 318.67209pt x 239.0012pt.

Underfull \hbox (badness 10000) in paragraph at lines 86--98

 []

[3 <./Res_SED_b=(-2,2)_l=(-10,-4).pdf>]
<TotalData_IC_powerlaw_pi0-powerlaw.pdf, id=149, 578.16pt x 433.62pt>
File: TotalData_IC_powerlaw_pi0-powerlaw.pdf Graphic file (type pdf)

<use TotalData_IC_powerlaw_pi0-powerlaw.pdf>
Package pdftex.def Info: TotalData_IC_powerlaw_pi0-powerlaw.pdf used on input l
ine 125.
(pdftex.def)             Requested size: 245.97096pt x 184.47462pt.

<ResidualData_IC_powerlaw_pi0-powerlaw.pdf, id=150, 578.16pt x 433.62pt>
File: ResidualData_IC_powerlaw_pi0-powerlaw.pdf Graphic file (type pdf)

<use ResidualData_IC_powerlaw_pi0-powerlaw.pdf>
Package pdftex.def Info: ResidualData_IC_powerlaw_pi0-powerlaw.pdf used on inpu
t line 125.
(pdftex.def)             Requested size: 245.97096pt x 184.47462pt.

Underfull \hbox (badness 10000) in paragraph at lines 115--126

 []

<TotalData_Sum_new_best.pdf, id=151, 578.16pt x 433.62pt>
File: TotalData_Sum_new_best.pdf Graphic file (type pdf)

<use TotalData_Sum_new_best.pdf>
Package pdftex.def Info: TotalData_Sum_new_best.pdf used on input line 132.
(pdftex.def)             Requested size: 318.67209pt x 239.0012pt.

Underfull \hbox (badness 10000) in paragraph at lines 141--142

 []

<TotalData_Sum_IC_n_fixed.pdf, id=152, 578.16pt x 433.62pt>
File: TotalData_Sum_IC_n_fixed.pdf Graphic file (type pdf)

<use TotalData_Sum_IC_n_fixed.pdf>
Package pdftex.def Info: TotalData_Sum_IC_n_fixed.pdf used on input line 146.
(pdftex.def)             Requested size: 318.67209pt x 239.0012pt.


LaTeX Warning: `h' float specifier changed to `ht'.

[4 <./TotalData_IC_powerlaw_pi0-powerlaw.pdf> <./ResidualData_IC_powerlaw_pi0-p
owerlaw.pdf

pdfTeX warning: /Users/lauraherold/App/bin/x86_64-darwin/pdflatex (file ./Resid
ualData_IC_powerlaw_pi0-powerlaw.pdf): PDF inclusion: multiple pdfs with page g
roup included in a single page
> <./TotalData_Sum_new_best.pdf

pdfTeX warning: /Users/lauraherold/App/bin/x86_64-darwin/pdflatex (file ./Total
Data_Sum_new_best.pdf): PDF inclusion: multiple pdfs with page group included i
n a single page
>]

LaTeX Warning: Reference `Cutoff_energies' on page 5 undefined on input line 15
6.

<Compare_IC_Ecut_of_tot_data.pdf, id=345, 578.16pt x 433.62pt>
File: Compare_IC_Ecut_of_tot_data.pdf Graphic file (type pdf)

<use Compare_IC_Ecut_of_tot_data.pdf>
Package pdftex.def Info: Compare_IC_Ecut_of_tot_data.pdf used on input line 168
.
(pdftex.def)             Requested size: 245.97096pt x 184.47462pt.

<Compare_pi0_Ecut_of_tot_data.pdf, id=346, 578.16pt x 433.62pt>
File: Compare_pi0_Ecut_of_tot_data.pdf Graphic file (type pdf)

<use Compare_pi0_Ecut_of_tot_data.pdf>
Package pdftex.def Info: Compare_pi0_Ecut_of_tot_data.pdf used on input line 16
8.
(pdftex.def)             Requested size: 245.97096pt x 184.47462pt.

<Compare_IC_Ecut_of_res_data.pdf, id=347, 578.16pt x 433.62pt>
File: Compare_IC_Ecut_of_res_data.pdf Graphic file (type pdf)

<use Compare_IC_Ecut_of_res_data.pdf>
Package pdftex.def Info: Compare_IC_Ecut_of_res_data.pdf used on input line 179
.
(pdftex.def)             Requested size: 245.97096pt x 184.47462pt.

<Compare_pi0_Ecut_of_res_data.pdf, id=348, 578.16pt x 433.62pt>
File: Compare_pi0_Ecut_of_res_data.pdf Graphic file (type pdf)

<use Compare_pi0_Ecut_of_res_data.pdf>
Package pdftex.def Info: Compare_pi0_Ecut_of_res_data.pdf used on input line 17
9.
(pdftex.def)             Requested size: 245.97096pt x 184.47462pt.


LaTeX Warning: `h' float specifier changed to `ht'.

<gnomview.pdf, id=349, 419.166pt x 462.52798pt>
File: gnomview.pdf Graphic file (type pdf)
 <use gnomview.pdf>
Package pdftex.def Info: gnomview.pdf used on input line 197.
(pdftex.def)             Requested size: 189.21022pt x 208.78496pt.

<gnomview_nonorm.pdf, id=350, 419.166pt x 462.52798pt>
File: gnomview_nonorm.pdf Graphic file (type pdf)

<use gnomview_nonorm.pdf>
Package pdftex.def Info: gnomview_nonorm.pdf used on input line 197.
(pdftex.def)             Requested size: 189.21022pt x 208.78496pt.

<gnomview_highEsmooth.pdf, id=351, 419.166pt x 462.52798pt>
File: gnomview_highEsmooth.pdf Graphic file (type pdf)

<use gnomview_highEsmooth.pdf>
Package pdftex.def Info: gnomview_highEsmooth.pdf used on input line 209.
(pdftex.def)             Requested size: 189.21022pt x 208.78496pt.

<gnomview_highEsmooth_nonorm.pdf, id=352, 419.166pt x 462.52798pt>
File: gnomview_highEsmooth_nonorm.pdf Graphic file (type pdf)

<use gnomview_highEsmooth_nonorm.pdf>
Package pdftex.def Info: gnomview_highEsmooth_nonorm.pdf used on input line 209
.
(pdftex.def)             Requested size: 189.21022pt x 208.78496pt.

<gnomview_highEsmooth_nomask.pdf, id=353, 419.166pt x 462.52798pt>
File: gnomview_highEsmooth_nomask.pdf Graphic file (type pdf)

<use gnomview_highEsmooth_nomask.pdf>
Package pdftex.def Info: gnomview_highEsmooth_nomask.pdf used on input line 219
.
(pdftex.def)             Requested size: 189.21022pt x 208.78496pt.

<gnomview_highEsmooth_nonorm_nomask.pdf, id=354, 419.166pt x 462.52798pt>
File: gnomview_highEsmooth_nonorm_nomask.pdf Graphic file (type pdf)

<use gnomview_highEsmooth_nonorm_nomask.pdf>
Package pdftex.def Info: gnomview_highEsmooth_nonorm_nomask.pdf used on input l
ine 219.
(pdftex.def)             Requested size: 189.21022pt x 208.78496pt.

Underfull \hbox (badness 10000) in paragraph at lines 188--220

 []


LaTeX Warning: `h' float specifier changed to `ht'.

[5 <./TotalData_Sum_IC_n_fixed.pdf>]
<FitE_mollweide_at_0-1_to_1-1663_normalized_nomask.pdf, id=416, 614.295pt x 390
.25798pt>
File: FitE_mollweide_at_0-1_to_1-1663_normalized_nomask.pdf Graphic file (type 
pdf)
 <use FitE_mollweide_at_0-1_to_1-1663_normalized_nomask.pdf>
Package pdftex.def Info: FitE_mollweide_at_0-1_to_1-1663_normalized_nomask.pdf 
used on input line 236.
(pdftex.def)             Requested size: 189.21022pt x 120.20459pt.

<FitE_mollweide_at_0-1_to_1-1663_normalized_maskfilled.pdf, id=417, 614.295pt x
 390.25798pt>
File: FitE_mollweide_at_0-1_to_1-1663_normalized_maskfilled.pdf Graphic file (t
ype pdf)
 <use FitE_mollweide_at_0-1_to_1-1663_normalized_maskfilled.pdf>
Package pdftex.def Info: FitE_mollweide_at_0-1_to_1-1663_normalized_maskfilled.
pdf used on input line 236.
(pdftex.def)             Requested size: 189.21022pt x 120.20459pt.

<FitE_mollweide_at_0-1_to_1-1663_nonorm_nomask.pdf, id=418, 614.295pt x 390.257
98pt>
File: FitE_mollweide_at_0-1_to_1-1663_nonorm_nomask.pdf Graphic file (type pdf)

 <use FitE_mollweide_at_0-1_to_1-1663_nonorm_nomask.pdf>
Package pdftex.def Info: FitE_mollweide_at_0-1_to_1-1663_nonorm_nomask.pdf used
 on input line 246.
(pdftex.def)             Requested size: 189.21022pt x 120.20459pt.

<FitE_mollweide_at_0-1_to_1-1663_nonorm_fillmask.pdf, id=419, 614.295pt x 390.2
5798pt>
File: FitE_mollweide_at_0-1_to_1-1663_nonorm_fillmask.pdf Graphic file (type pd
f)
 <use FitE_mollweide_at_0-1_to_1-1663_nonorm_fillmask.pdf>
Package pdftex.def Info: FitE_mollweide_at_0-1_to_1-1663_nonorm_fillmask.pdf us
ed on input line 246.
(pdftex.def)             Requested size: 189.21022pt x 120.20459pt.

Underfull \hbox (badness 10000) in paragraph at lines 227--247

 []


LaTeX Warning: `h' float specifier changed to `ht'.

<HESS_GalacticPlaneSurvey.png, id=420, 1156.32pt x 265.99374pt>
File: HESS_GalacticPlaneSurvey.png Graphic file (type png)

<use HESS_GalacticPlaneSurvey.png>
Package pdftex.def Info: HESS_GalacticPlaneSurvey.png used on input line 253.
(pdftex.def)             Requested size: 398.3386pt x 91.62993pt.


LaTeX Warning: `h' float specifier changed to `ht'.

<3FHL.png, id=421, 1905.1175pt x 587.19376pt>
File: 3FHL.png Graphic file (type png)
 <use 3FHL.png>
Package pdftex.def Info: 3FHL.png used on input line 260.
(pdftex.def)             Requested size: 398.3386pt x 122.77673pt.


LaTeX Warning: `h' float specifier changed to `ht'.

File: Res_SED_b=(-2,2)_l=(-10,-4).pdf Graphic file (type pdf)
<use Res_SED_b=(-2,2)_l=(-10,-4).pdf>
Package pdftex.def Info: Res_SED_b=(-2,2)_l=(-10,-4).pdf used on input line 280
.
(pdftex.def)             Requested size: 245.97096pt x 184.47462pt.

<Res_SED_b=(-6,-2)_l=(-10,-4)_1a.pdf, id=422, 578.16pt x 433.62pt>
File: Res_SED_b=(-6,-2)_l=(-10,-4)_1a.pdf Graphic file (type pdf)

<use Res_SED_b=(-6,-2)_l=(-10,-4)_1a.pdf>
Package pdftex.def Info: Res_SED_b=(-6,-2)_l=(-10,-4)_1a.pdf used on input line
 280.
(pdftex.def)             Requested size: 245.97096pt x 184.47462pt.

<Res_SED_b=(-6,-2)_l=(-10,5)_1.pdf, id=423, 578.16pt x 433.62pt>
File: Res_SED_b=(-6,-2)_l=(-10,5)_1.pdf Graphic file (type pdf)

<use Res_SED_b=(-6,-2)_l=(-10,5)_1.pdf>
Package pdftex.def Info: Res_SED_b=(-6,-2)_l=(-10,5)_1.pdf used on input line 2
92.
(pdftex.def)             Requested size: 245.97096pt x 184.47462pt.

<Res_SED_b=(-10,-6)_l=(-15,10)_2.pdf, id=424, 578.16pt x 433.62pt>
File: Res_SED_b=(-10,-6)_l=(-15,10)_2.pdf Graphic file (type pdf)

<use Res_SED_b=(-10,-6)_l=(-15,10)_2.pdf>
Package pdftex.def Info: Res_SED_b=(-10,-6)_l=(-15,10)_2.pdf used on input line
 292.
(pdftex.def)             Requested size: 245.97096pt x 184.47462pt.

<Res_SED_b=(-14,-10)_l=(-15,15)_3.pdf, id=425, 578.16pt x 433.62pt>
File: Res_SED_b=(-14,-10)_l=(-15,15)_3.pdf Graphic file (type pdf)

<use Res_SED_b=(-14,-10)_l=(-15,15)_3.pdf>
Package pdftex.def Info: Res_SED_b=(-14,-10)_l=(-15,15)_3.pdf used on input lin
e 304.
(pdftex.def)             Requested size: 245.97096pt x 184.47462pt.

<Res_SED_b=(-18,-14)_l=(-15,15)_4.pdf, id=426, 578.16pt x 433.62pt>
File: Res_SED_b=(-18,-14)_l=(-15,15)_4.pdf Graphic file (type pdf)

<use Res_SED_b=(-18,-14)_l=(-15,15)_4.pdf>
Package pdftex.def Info: Res_SED_b=(-18,-14)_l=(-15,15)_4.pdf used on input lin
e 304.
(pdftex.def)             Requested size: 245.97096pt x 184.47462pt.


LaTeX Warning: `h' float specifier changed to `ht'.

<FitE_gnomview_at_0-1_to_1-1663_4deg.pdf, id=427, 419.166pt x 462.52798pt>
File: FitE_gnomview_at_0-1_to_1-1663_4deg.pdf Graphic file (type pdf)

<use FitE_gnomview_at_0-1_to_1-1663_4deg.pdf>
Package pdftex.def Info: FitE_gnomview_at_0-1_to_1-1663_4deg.pdf used on input 
line 321.
(pdftex.def)             Requested size: 189.21022pt x 208.78496pt.

<FitE_gnomview_at_0-4_to_4-1663_4deg.pdf, id=428, 419.166pt x 462.52798pt>
File: FitE_gnomview_at_0-4_to_4-1663_4deg.pdf Graphic file (type pdf)

<use FitE_gnomview_at_0-4_to_4-1663_4deg.pdf>
Package pdftex.def Info: FitE_gnomview_at_0-4_to_4-1663_4deg.pdf used on input 
line 321.
(pdftex.def)             Requested size: 189.21022pt x 208.78496pt.

<FitE_gnomview_at_0-12_to_12-1663_4deg.pdf, id=429, 419.166pt x 462.52798pt>
File: FitE_gnomview_at_0-12_to_12-1663_4deg.pdf Graphic file (type pdf)

<use FitE_gnomview_at_0-12_to_12-1663_4deg.pdf>
Package pdftex.def Info: FitE_gnomview_at_0-12_to_12-1663_4deg.pdf used on inpu
t line 333.
(pdftex.def)             Requested size: 189.21022pt x 208.78496pt.

<FitE_gnomview_at_0-36_to_36-1663_4deg.pdf, id=430, 419.166pt x 462.52798pt>
File: FitE_gnomview_at_0-36_to_36-1663_4deg.pdf Graphic file (type pdf)

<use FitE_gnomview_at_0-36_to_36-1663_4deg.pdf>
Package pdftex.def Info: FitE_gnomview_at_0-36_to_36-1663_4deg.pdf used on inpu
t line 333.
(pdftex.def)             Requested size: 189.21022pt x 208.78496pt.

Underfull \hbox (badness 10000) in paragraph at lines 312--334

 []


LaTeX Warning: `h' float specifier changed to `ht'.


<FitE_mollweide_at_0-1_to_1-1663_norm_new.pdf, id=431, 614.295pt x 390.25798pt>
File: FitE_mollweide_at_0-1_to_1-1663_norm_new.pdf Graphic file (type pdf)
<use FitE_mollweide_at_0-1_to_1-1663_norm_new.pdf>
Package pdftex.def Info: FitE_mollweide_at_0-1_to_1-1663_norm_new.pdf used on i
nput line 351.
(pdftex.def)             Requested size: 189.21022pt x 120.20459pt.

<FitE_boxprof_at_0-1_to_1-1663_norm_new.pdf, id=432, 614.295pt x 390.25798pt>
File: FitE_boxprof_at_0-1_to_1-1663_norm_new.pdf Graphic file (type pdf)

<use FitE_boxprof_at_0-1_to_1-1663_norm_new.pdf>
Package pdftex.def Info: FitE_boxprof_at_0-1_to_1-1663_norm_new.pdf used on inp
ut line 351.
(pdftex.def)             Requested size: 189.21022pt x 120.20459pt.

<FitE_mollweide_at_0-1_to_1-1663_norm_fitbubshape.pdf, id=433, 614.295pt x 390.
25798pt>
File: FitE_mollweide_at_0-1_to_1-1663_norm_fitbubshape.pdf Graphic file (type p
df)
 <use FitE_mollweide_at_0-1_to_1-1663_norm_fitbubshape.pdf>
Package pdftex.def Info: FitE_mollweide_at_0-1_to_1-1663_norm_fitbubshape.pdf u
sed on input line 362.
(pdftex.def)             Requested size: 189.21022pt x 120.20459pt.

<FitE_boxprof_at_0-1_to_1-1663_norm_fitbubshape.pdf, id=434, 614.295pt x 390.25
798pt>
File: FitE_boxprof_at_0-1_to_1-1663_norm_fitbubshape.pdf Graphic file (type pdf
)
 <use FitE_boxprof_at_0-1_to_1-1663_norm_fitbubshape.pdf>
Package pdftex.def Info: FitE_boxprof_at_0-1_to_1-1663_norm_fitbubshape.pdf use
d on input line 362.
(pdftex.def)             Requested size: 189.21022pt x 120.20459pt.

Underfull \hbox (badness 10000) in paragraph at lines 341--363

 []


LaTeX Warning: `h' float specifier changed to `ht'.


Underfull \hbox (badness 10000) in paragraph at lines 371--372

 []

[6 <./Compare_IC_Ecut_of_tot_data.pdf> <./Compare_pi0_Ecut_of_tot_data.pdf

pdfTeX warning: /Users/lauraherold/App/bin/x86_64-darwin/pdflatex (file ./Compa
re_pi0_Ecut_of_tot_data.pdf): PDF inclusion: multiple pdfs with page group incl
uded in a single page
> <./Compare_IC_Ecut_of_res_data.pdf

pdfTeX warning: /Users/lauraherold/App/bin/x86_64-darwin/pdflatex (file ./Compa
re_IC_Ecut_of_res_data.pdf): PDF inclusion: multiple pdfs with page group inclu
ded in a single page
> <./Compare_pi0_Ecut_of_res_data.pdf

pdfTeX warning: /Users/lauraherold/App/bin/x86_64-darwin/pdflatex (file ./Compa
re_pi0_Ecut_of_res_data.pdf): PDF inclusion: multiple pdfs with page group incl
uded in a single page
>] [7 <./gnomview.pdf> <./gnomview_nonorm.pdf

pdfTeX warning: /Users/lauraherold/App/bin/x86_64-darwin/pdflatex (file ./gnomv
iew_nonorm.pdf): PDF inclusion: multiple pdfs with page group included in a sin
gle page
> <./gnomview_highEsmooth.pdf

pdfTeX warning: /Users/lauraherold/App/bin/x86_64-darwin/pdflatex (file ./gnomv
iew_highEsmooth.pdf): PDF inclusion: multiple pdfs with page group included in 
a single page
> <./gnomview_highEsmooth_nonorm.pdf

pdfTeX warning: /Users/lauraherold/App/bin/x86_64-darwin/pdflatex (file ./gnomv
iew_highEsmooth_nonorm.pdf): PDF inclusion: multiple pdfs with page group inclu
ded in a single page
> <./gnomview_highEsmooth_nomask.pdf

pdfTeX warning: /Users/lauraherold/App/bin/x86_64-darwin/pdflatex (file ./gnomv
iew_highEsmooth_nomask.pdf): PDF inclusion: multiple pdfs with page group inclu
ded in a single page
> <./gnomview_highEsmooth_nonorm_nomask.pdf

pdfTeX warning: /Users/lauraherold/App/bin/x86_64-darwin/pdflatex (file ./gnomv
iew_highEsmooth_nonorm_nomask.pdf): PDF inclusion: multiple pdfs with page grou
p included in a single page
>] [8 <./FitE_mollweide_at_0-1_to_1-1663_normalized_nomask.pdf> <./FitE_mollwei
de_at_0-1_to_1-1663_normalized_maskfilled.pdf

pdfTeX warning: /Users/lauraherold/App/bin/x86_64-darwin/pdflatex (file ./FitE_
mollweide_at_0-1_to_1-1663_normalized_maskfilled.pdf): PDF inclusion: multiple 
pdfs with page group included in a single page
> <./FitE_mollweide_at_0-1_to_1-1663_nonorm_nomask.pdf

pdfTeX warning: /Users/lauraherold/App/bin/x86_64-darwin/pdflatex (file ./FitE_
mollweide_at_0-1_to_1-1663_nonorm_nomask.pdf): PDF inclusion: multiple pdfs wit
h page group included in a single page
> <./FitE_mollweide_at_0-1_to_1-1663_nonorm_fillmask.pdf

pdfTeX warning: /Users/lauraherold/App/bin/x86_64-darwin/pdflatex (file ./FitE_
mollweide_at_0-1_to_1-1663_nonorm_fillmask.pdf): PDF inclusion: multiple pdfs w
ith page group included in a single page
> <./HESS_GalacticPlaneSurvey.png> <./3FHL.png>] [9 <./Res_SED_b=(-6,-2)_l=(-10
,-4)_1a.pdf> <./Res_SED_b=(-6,-2)_l=(-10,5)_1.pdf

pdfTeX warning: /Users/lauraherold/App/bin/x86_64-darwin/pdflatex (file ./Res_S
ED_b=(-6,-2)_l=(-10,5)_1.pdf): PDF inclusion: multiple pdfs with page group inc
luded in a single page
> <./Res_SED_b=(-10,-6)_l=(-15,10)_2.pdf

pdfTeX warning: /Users/lauraherold/App/bin/x86_64-darwin/pdflatex (file ./Res_S
ED_b=(-10,-6)_l=(-15,10)_2.pdf): PDF inclusion: multiple pdfs with page group i
ncluded in a single page
> <./Res_SED_b=(-14,-10)_l=(-15,15)_3.pdf

pdfTeX warning: /Users/lauraherold/App/bin/x86_64-darwin/pdflatex (file ./Res_S
ED_b=(-14,-10)_l=(-15,15)_3.pdf): PDF inclusion: multiple pdfs with page group 
included in a single page
> <./Res_SED_b=(-18,-14)_l=(-15,15)_4.pdf

pdfTeX warning: /Users/lauraherold/App/bin/x86_64-darwin/pdflatex (file ./Res_S
ED_b=(-18,-14)_l=(-15,15)_4.pdf): PDF inclusion: multiple pdfs with page group 
included in a single page
>] [10 <./FitE_gnomview_at_0-1_to_1-1663_4deg.pdf> <./FitE_gnomview_at_0-4_to_4
-1663_4deg.pdf

pdfTeX warning: /Users/lauraherold/App/bin/x86_64-darwin/pdflatex (file ./FitE_
gnomview_at_0-4_to_4-1663_4deg.pdf): PDF inclusion: multiple pdfs with page gro
up included in a single page
> <./FitE_gnomview_at_0-12_to_12-1663_4deg.pdf

pdfTeX warning: /Users/lauraherold/App/bin/x86_64-darwin/pdflatex (file ./FitE_
gnomview_at_0-12_to_12-1663_4deg.pdf): PDF inclusion: multiple pdfs with page g
roup included in a single page
> <./FitE_gnomview_at_0-36_to_36-1663_4deg.pdf

pdfTeX warning: /Users/lauraherold/App/bin/x86_64-darwin/pdflatex (file ./FitE_
gnomview_at_0-36_to_36-1663_4deg.pdf): PDF inclusion: multiple pdfs with page g
roup included in a single page
> <./FitE_mollweide_at_0-1_to_1-1663_norm_new.pdf

pdfTeX warning: /Users/lauraherold/App/bin/x86_64-darwin/pdflatex (file ./FitE_
mollweide_at_0-1_to_1-1663_norm_new.pdf): PDF inclusion: multiple pdfs with pag
e group included in a single page
> <./FitE_boxprof_at_0-1_to_1-1663_norm_new.pdf

pdfTeX warning: /Users/lauraherold/App/bin/x86_64-darwin/pdflatex (file ./FitE_
boxprof_at_0-1_to_1-1663_norm_new.pdf): PDF inclusion: multiple pdfs with page 
group included in a single page
> <./FitE_mollweide_at_0-1_to_1-1663_norm_fitbubshape.pdf

pdfTeX warning: /Users/lauraherold/App/bin/x86_64-darwin/pdflatex (file ./FitE_
mollweide_at_0-1_to_1-1663_norm_fitbubshape.pdf): PDF inclusion: multiple pdfs 
with page group included in a single page
> <./FitE_boxprof_at_0-1_to_1-1663_norm_fitbubshape.pdf

pdfTeX warning: /Users/lauraherold/App/bin/x86_64-darwin/pdflatex (file ./FitE_
boxprof_at_0-1_to_1-1663_norm_fitbubshape.pdf): PDF inclusion: multiple pdfs wi
th page group included in a single page
>] (./What_we_already_have.aux)

LaTeX Warning: There were undefined references.


LaTeX Warning: There were multiply-defined labels.

 ) 
Here is how much of TeX's memory you used:
 6207 strings out of 493013
 100238 string characters out of 6133787
 210644 words of memory out of 5000000
 9544 multiletter control sequences out of 15000+600000
 16236 words of font info for 92 fonts, out of 8000000 for 9000
 1141 hyphenation exceptions out of 8191
 42i,18n,44p,718b,487s stack positions out of 5000i,500n,10000p,200000b,80000s
</Users/lauraherold/App/texmf-dist/fonts/type1/public/amsfonts/cm/cmbsy10.pfb
></Users/lauraherold/App/texmf-dist/fonts/type1/public/amsfonts/cm/cmbx10.pfb><
/Users/lauraherold/App/texmf-dist/fonts/type1/public/amsfonts/cm/cmbx12.pfb></U
sers/lauraherold/App/texmf-dist/fonts/type1/public/amsfonts/cm/cmbx5.pfb></User
s/lauraherold/App/texmf-dist/fonts/type1/public/amsfonts/cm/cmex10.pfb></Users/
lauraherold/App/texmf-dist/fonts/type1/public/amsfonts/cm/cmmi10.pfb></Users/la
uraherold/App/texmf-dist/fonts/type1/public/amsfonts/cm/cmmi5.pfb></Users/laura
herold/App/texmf-dist/fonts/type1/public/amsfonts/cm/cmmi7.pfb></Users/lauraher
old/App/texmf-dist/fonts/type1/public/amsfonts/cm/cmmib10.pfb></Users/laurahero
ld/App/texmf-dist/fonts/type1/public/amsfonts/cmextra/cmmib5.pfb></Users/laurah
erold/App/texmf-dist/fonts/type1/public/amsfonts/cmextra/cmmib7.pfb></Users/lau
raherold/App/texmf-dist/fonts/type1/public/amsfonts/cm/cmr10.pfb></Users/laurah
erold/App/texmf-dist/fonts/type1/public/amsfonts/cm/cmr12.pfb></Users/laurahero
ld/App/texmf-dist/fonts/type1/public/amsfonts/cm/cmr17.pfb></Users/lauraherold/
App/texmf-dist/fonts/type1/public/amsfonts/cm/cmr5.pfb></Users/lauraherold/App/
texmf-dist/fonts/type1/public/amsfonts/cm/cmr7.pfb></Users/lauraherold/App/texm
f-dist/fonts/type1/public/amsfonts/cm/cmr9.pfb></Users/lauraherold/App/texmf-di
st/fonts/type1/public/amsfonts/cm/cmsy10.pfb></Users/lauraherold/App/texmf-dist
/fonts/type1/public/amsfonts/cm/cmsy7.pfb></Users/lauraherold/App/texmf-dist/fo
nts/type1/public/amsfonts/cm/cmti10.pfb>
Output written on What_we_already_have.pdf (10 pages, 5232205 bytes).
PDF statistics:
 1991 PDF objects out of 2073 (max. 8388607)
 594 compressed objects within 6 object streams
 0 named destinations out of 1000 (max. 500000)
 15024 words of extra memory for PDF output out of 17280 (max. 10000000)

